2020-11-20 16:21:55.798 [main] INFO  com.imooc.user.Application - Starting Application on DESKTOP-2I9A483 with PID 11760 (C:\Code\do\2020\202011\imooc-news-dev\imooc-news-dev-service-user\target\classes started by 10279 in C:\Code\do\2020\202011\imooc-news-dev)
2020-11-20 16:21:55.806 [main] INFO  com.imooc.user.Application - The following profiles are active: dev
2020-11-20 16:21:57.573 [main] INFO  o.s.d.r.c.RepositoryConfigurationDelegate - Multiple Spring Data modules found, entering strict repository configuration mode!
2020-11-20 16:21:57.581 [main] INFO  o.s.d.r.c.RepositoryConfigurationDelegate - Bootstrapping Spring Data Redis repositories in DEFAULT mode.
2020-11-20 16:21:57.672 [main] INFO  o.s.d.r.c.RepositoryConfigurationDelegate - Finished Spring Data repository scanning in 49ms. Found 0 Redis repository interfaces.
2020-11-20 16:21:57.894 [main] WARN  o.m.s.mapper.ClassPathMapperScanner - No MyBatis mapper was found in '[com.imooc.user]' package. Please check your configuration.
2020-11-20 16:21:58.696 [main] INFO  o.s.b.w.e.tomcat.TomcatWebServer - Tomcat initialized with port(s): 8003 (http)
2020-11-20 16:21:58.715 [main] INFO  o.a.coyote.http11.Http11NioProtocol - Initializing ProtocolHandler ["http-nio-8003"]
2020-11-20 16:21:58.716 [main] INFO  o.a.catalina.core.StandardService - Starting service [Tomcat]
2020-11-20 16:21:58.716 [main] INFO  o.a.catalina.core.StandardEngine - Starting Servlet engine: [Apache Tomcat/9.0.31]
2020-11-20 16:21:58.922 [main] INFO  o.a.c.c.C.[Tomcat].[localhost].[/] - Initializing Spring embedded WebApplicationContext
2020-11-20 16:21:58.922 [main] INFO  o.s.web.context.ContextLoader - Root WebApplicationContext: initialization completed in 2942 ms
2020-11-20 16:21:59.037 [main] WARN  o.s.b.w.s.c.AnnotationConfigServletWebServerApplicationContext - Exception encountered during context initialization - cancelling refresh attempt: org.springframework.beans.factory.UnsatisfiedDependencyException: Error creating bean with name 'passportController': Unsatisfied dependency expressed through field 'redis'; nested exception is org.springframework.beans.factory.NoSuchBeanDefinitionException: No qualifying bean of type 'com.imooc.common.utils.RedisOperator' available: expected at least 1 bean which qualifies as autowire candidate. Dependency annotations: {@org.springframework.beans.factory.annotation.Autowired(required=true)}
2020-11-20 16:21:59.042 [main] INFO  o.a.catalina.core.StandardService - Stopping service [Tomcat]
2020-11-20 16:21:59.070 [main] INFO  o.s.b.a.l.ConditionEvaluationReportLoggingListener - 

Error starting ApplicationContext. To display the conditions report re-run your application with 'debug' enabled.
2020-11-20 16:21:59.312 [main] ERROR o.s.b.d.LoggingFailureAnalysisReporter - 

***************************
APPLICATION FAILED TO START
***************************

Description:

Field redis in com.imooc.api.BaseController required a bean of type 'com.imooc.common.utils.RedisOperator' that could not be found.

The injection point has the following annotations:
	- @org.springframework.beans.factory.annotation.Autowired(required=true)


Action:

Consider defining a bean of type 'com.imooc.common.utils.RedisOperator' in your configuration.

2020-11-20 16:25:17.157 [main] INFO  com.imooc.user.Application - Starting Application on DESKTOP-2I9A483 with PID 10128 (C:\Code\do\2020\202011\imooc-news-dev\imooc-news-dev-service-user\target\classes started by 10279 in C:\Code\do\2020\202011\imooc-news-dev)
2020-11-20 16:25:17.164 [main] INFO  com.imooc.user.Application - The following profiles are active: dev
2020-11-20 16:25:18.214 [main] INFO  o.s.d.r.c.RepositoryConfigurationDelegate - Multiple Spring Data modules found, entering strict repository configuration mode!
2020-11-20 16:25:18.217 [main] INFO  o.s.d.r.c.RepositoryConfigurationDelegate - Bootstrapping Spring Data Redis repositories in DEFAULT mode.
2020-11-20 16:25:18.261 [main] INFO  o.s.d.r.c.RepositoryConfigurationDelegate - Finished Spring Data repository scanning in 21ms. Found 0 Redis repository interfaces.
2020-11-20 16:25:18.424 [main] WARN  o.m.s.mapper.ClassPathMapperScanner - No MyBatis mapper was found in '[com.imooc.user]' package. Please check your configuration.
2020-11-20 16:25:19.040 [main] INFO  o.s.b.w.e.tomcat.TomcatWebServer - Tomcat initialized with port(s): 8003 (http)
2020-11-20 16:25:19.053 [main] INFO  o.a.coyote.http11.Http11NioProtocol - Initializing ProtocolHandler ["http-nio-8003"]
2020-11-20 16:25:19.054 [main] INFO  o.a.catalina.core.StandardService - Starting service [Tomcat]
2020-11-20 16:25:19.055 [main] INFO  o.a.catalina.core.StandardEngine - Starting Servlet engine: [Apache Tomcat/9.0.31]
2020-11-20 16:25:19.194 [main] INFO  o.a.c.c.C.[Tomcat].[localhost].[/] - Initializing Spring embedded WebApplicationContext
2020-11-20 16:25:19.194 [main] INFO  o.s.web.context.ContextLoader - Root WebApplicationContext: initialization completed in 1861 ms
2020-11-20 16:25:20.039 [main] INFO  o.s.s.c.ThreadPoolTaskExecutor - Initializing ExecutorService 'applicationTaskExecutor'
2020-11-20 16:25:20.180 [main] INFO  t.m.m.a.MapperCacheDisabler - Clear tk.mybatis.mapper.util.MsUtil CLASS_CACHE cache.
2020-11-20 16:25:20.181 [main] INFO  t.m.m.a.MapperCacheDisabler - Clear tk.mybatis.mapper.genid.GenIdUtil CACHE cache.
2020-11-20 16:25:20.182 [main] INFO  t.m.m.a.MapperCacheDisabler - Clear tk.mybatis.mapper.version.VersionUtil CACHE cache.
2020-11-20 16:25:20.182 [main] INFO  t.m.m.a.MapperCacheDisabler - Clear EntityHelper entityTableMap cache.
2020-11-20 16:25:20.831 [main] INFO  o.a.coyote.http11.Http11NioProtocol - Starting ProtocolHandler ["http-nio-8003"]
2020-11-20 16:25:20.866 [main] INFO  o.s.b.w.e.tomcat.TomcatWebServer - Tomcat started on port(s): 8003 (http) with context path ''
2020-11-20 16:25:20.870 [main] INFO  com.imooc.user.Application - Started Application in 5.049 seconds (JVM running for 7.495)
2020-11-20 16:25:25.619 [http-nio-8003-exec-1] INFO  o.a.c.c.C.[Tomcat].[localhost].[/] - Initializing Spring DispatcherServlet 'dispatcherServlet'
2020-11-20 16:25:25.619 [http-nio-8003-exec-1] INFO  o.s.web.servlet.DispatcherServlet - Initializing Servlet 'dispatcherServlet'
2020-11-20 16:25:25.629 [http-nio-8003-exec-1] INFO  o.s.web.servlet.DispatcherServlet - Completed initialization in 10 ms
2020-11-20 16:27:37.060 [http-nio-8003-exec-1] ERROR o.a.c.c.C.[.[.[.[dispatcherServlet] - Servlet.service() for servlet [dispatcherServlet] in context with path [] threw exception [Request processing failed; nested exception is java.lang.NullPointerException] with root cause
java.lang.NullPointerException: null
	at com.imooc.user.controller.PassportController.getSMSCode(PassportController.java:27)
	at sun.reflect.NativeMethodAccessorImpl.invoke0(Native Method)
	at sun.reflect.NativeMethodAccessorImpl.invoke(NativeMethodAccessorImpl.java:62)
	at sun.reflect.DelegatingMethodAccessorImpl.invoke(DelegatingMethodAccessorImpl.java:43)
	at java.lang.reflect.Method.invoke(Method.java:498)
	at org.springframework.web.method.support.InvocableHandlerMethod.doInvoke(InvocableHandlerMethod.java:190)
	at org.springframework.web.method.support.InvocableHandlerMethod.invokeForRequest(InvocableHandlerMethod.java:138)
	at org.springframework.web.servlet.mvc.method.annotation.ServletInvocableHandlerMethod.invokeAndHandle(ServletInvocableHandlerMethod.java:106)
	at org.springframework.web.servlet.mvc.method.annotation.RequestMappingHandlerAdapter.invokeHandlerMethod(RequestMappingHandlerAdapter.java:879)
	at org.springframework.web.servlet.mvc.method.annotation.RequestMappingHandlerAdapter.handleInternal(RequestMappingHandlerAdapter.java:793)
	at org.springframework.web.servlet.mvc.method.AbstractHandlerMethodAdapter.handle(AbstractHandlerMethodAdapter.java:87)
	at org.springframework.web.servlet.DispatcherServlet.doDispatch(DispatcherServlet.java:1040)
	at org.springframework.web.servlet.DispatcherServlet.doService(DispatcherServlet.java:943)
	at org.springframework.web.servlet.FrameworkServlet.processRequest(FrameworkServlet.java:1006)
	at org.springframework.web.servlet.FrameworkServlet.doGet(FrameworkServlet.java:898)
	at javax.servlet.http.HttpServlet.service(HttpServlet.java:634)
	at org.springframework.web.servlet.FrameworkServlet.service(FrameworkServlet.java:883)
	at javax.servlet.http.HttpServlet.service(HttpServlet.java:741)
	at org.apache.catalina.core.ApplicationFilterChain.internalDoFilter(ApplicationFilterChain.java:231)
	at org.apache.catalina.core.ApplicationFilterChain.doFilter(ApplicationFilterChain.java:166)
	at org.apache.tomcat.websocket.server.WsFilter.doFilter(WsFilter.java:53)
	at org.apache.catalina.core.ApplicationFilterChain.internalDoFilter(ApplicationFilterChain.java:193)
	at org.apache.catalina.core.ApplicationFilterChain.doFilter(ApplicationFilterChain.java:166)
	at org.springframework.web.filter.RequestContextFilter.doFilterInternal(RequestContextFilter.java:100)
	at org.springframework.web.filter.OncePerRequestFilter.doFilter(OncePerRequestFilter.java:119)
	at org.apache.catalina.core.ApplicationFilterChain.internalDoFilter(ApplicationFilterChain.java:193)
	at org.apache.catalina.core.ApplicationFilterChain.doFilter(ApplicationFilterChain.java:166)
	at org.springframework.web.filter.FormContentFilter.doFilterInternal(FormContentFilter.java:93)
	at org.springframework.web.filter.OncePerRequestFilter.doFilter(OncePerRequestFilter.java:119)
	at org.apache.catalina.core.ApplicationFilterChain.internalDoFilter(ApplicationFilterChain.java:193)
	at org.apache.catalina.core.ApplicationFilterChain.doFilter(ApplicationFilterChain.java:166)
	at org.springframework.web.filter.CharacterEncodingFilter.doFilterInternal(CharacterEncodingFilter.java:201)
	at org.springframework.web.filter.OncePerRequestFilter.doFilter(OncePerRequestFilter.java:119)
	at org.apache.catalina.core.ApplicationFilterChain.internalDoFilter(ApplicationFilterChain.java:193)
	at org.apache.catalina.core.ApplicationFilterChain.doFilter(ApplicationFilterChain.java:166)
	at org.apache.catalina.core.StandardWrapperValve.invoke(StandardWrapperValve.java:202)
	at org.apache.catalina.core.StandardContextValve.invoke(StandardContextValve.java:96)
	at org.apache.catalina.authenticator.AuthenticatorBase.invoke(AuthenticatorBase.java:541)
	at org.apache.catalina.core.StandardHostValve.invoke(StandardHostValve.java:139)
	at org.apache.catalina.valves.ErrorReportValve.invoke(ErrorReportValve.java:92)
	at org.apache.catalina.core.StandardEngineValve.invoke(StandardEngineValve.java:74)
	at org.apache.catalina.connector.CoyoteAdapter.service(CoyoteAdapter.java:343)
	at org.apache.coyote.http11.Http11Processor.service(Http11Processor.java:367)
	at org.apache.coyote.AbstractProcessorLight.process(AbstractProcessorLight.java:65)
	at org.apache.coyote.AbstractProtocol$ConnectionHandler.process(AbstractProtocol.java:868)
	at org.apache.tomcat.util.net.NioEndpoint$SocketProcessor.doRun(NioEndpoint.java:1639)
	at org.apache.tomcat.util.net.SocketProcessorBase.run(SocketProcessorBase.java:49)
	at java.util.concurrent.ThreadPoolExecutor.runWorker(ThreadPoolExecutor.java:1149)
	at java.util.concurrent.ThreadPoolExecutor$Worker.run(ThreadPoolExecutor.java:624)
	at org.apache.tomcat.util.threads.TaskThread$WrappingRunnable.run(TaskThread.java:61)
	at java.lang.Thread.run(Thread.java:748)
2020-11-20 16:28:27.932 [SpringContextShutdownHook] INFO  o.s.s.c.ThreadPoolTaskExecutor - Shutting down ExecutorService 'applicationTaskExecutor'
2020-11-20 16:28:35.687 [main] INFO  com.imooc.user.Application - Starting Application on DESKTOP-2I9A483 with PID 17460 (C:\Code\do\2020\202011\imooc-news-dev\imooc-news-dev-service-user\target\classes started by 10279 in C:\Code\do\2020\202011\imooc-news-dev)
2020-11-20 16:28:35.693 [main] INFO  com.imooc.user.Application - The following profiles are active: dev
2020-11-20 16:28:36.749 [main] INFO  o.s.d.r.c.RepositoryConfigurationDelegate - Multiple Spring Data modules found, entering strict repository configuration mode!
2020-11-20 16:28:36.753 [main] INFO  o.s.d.r.c.RepositoryConfigurationDelegate - Bootstrapping Spring Data Redis repositories in DEFAULT mode.
2020-11-20 16:28:36.801 [main] INFO  o.s.d.r.c.RepositoryConfigurationDelegate - Finished Spring Data repository scanning in 24ms. Found 0 Redis repository interfaces.
2020-11-20 16:28:37.015 [main] WARN  o.m.s.mapper.ClassPathMapperScanner - No MyBatis mapper was found in '[com.imooc.user]' package. Please check your configuration.
2020-11-20 16:28:37.717 [main] INFO  o.s.b.w.e.tomcat.TomcatWebServer - Tomcat initialized with port(s): 8003 (http)
2020-11-20 16:28:37.733 [main] INFO  o.a.coyote.http11.Http11NioProtocol - Initializing ProtocolHandler ["http-nio-8003"]
2020-11-20 16:28:37.735 [main] INFO  o.a.catalina.core.StandardService - Starting service [Tomcat]
2020-11-20 16:28:37.735 [main] INFO  o.a.catalina.core.StandardEngine - Starting Servlet engine: [Apache Tomcat/9.0.31]
2020-11-20 16:28:37.893 [main] INFO  o.a.c.c.C.[Tomcat].[localhost].[/] - Initializing Spring embedded WebApplicationContext
2020-11-20 16:28:37.894 [main] INFO  o.s.web.context.ContextLoader - Root WebApplicationContext: initialization completed in 2060 ms
2020-11-20 16:28:37.992 [main] WARN  o.s.b.w.s.c.AnnotationConfigServletWebServerApplicationContext - Exception encountered during context initialization - cancelling refresh attempt: org.springframework.beans.factory.UnsatisfiedDependencyException: Error creating bean with name 'passportController': Unsatisfied dependency expressed through field 'redis'; nested exception is org.springframework.beans.factory.NoSuchBeanDefinitionException: No qualifying bean of type 'com.imooc.common.utils.RedisOperator' available: expected at least 1 bean which qualifies as autowire candidate. Dependency annotations: {@org.springframework.beans.factory.annotation.Autowired(required=true)}
2020-11-20 16:28:37.998 [main] INFO  o.a.catalina.core.StandardService - Stopping service [Tomcat]
2020-11-20 16:28:38.027 [main] INFO  o.s.b.a.l.ConditionEvaluationReportLoggingListener - 

Error starting ApplicationContext. To display the conditions report re-run your application with 'debug' enabled.
2020-11-20 16:28:38.208 [main] ERROR o.s.b.d.LoggingFailureAnalysisReporter - 

***************************
APPLICATION FAILED TO START
***************************

Description:

Field redis in com.imooc.api.BaseController required a bean of type 'com.imooc.common.utils.RedisOperator' that could not be found.

The injection point has the following annotations:
	- @org.springframework.beans.factory.annotation.Autowired(required=true)


Action:

Consider defining a bean of type 'com.imooc.common.utils.RedisOperator' in your configuration.

2020-11-20 16:33:20.908 [main] INFO  com.imooc.user.Application - Starting Application on DESKTOP-2I9A483 with PID 14076 (C:\Code\do\2020\202011\imooc-news-dev\imooc-news-dev-service-user\target\classes started by 10279 in C:\Code\do\2020\202011\imooc-news-dev)
2020-11-20 16:33:20.914 [main] INFO  com.imooc.user.Application - The following profiles are active: dev
2020-11-20 16:33:23.021 [main] INFO  o.s.d.r.c.RepositoryConfigurationDelegate - Multiple Spring Data modules found, entering strict repository configuration mode!
2020-11-20 16:33:23.024 [main] INFO  o.s.d.r.c.RepositoryConfigurationDelegate - Bootstrapping Spring Data Redis repositories in DEFAULT mode.
2020-11-20 16:33:23.081 [main] INFO  o.s.d.r.c.RepositoryConfigurationDelegate - Finished Spring Data repository scanning in 26ms. Found 0 Redis repository interfaces.
2020-11-20 16:33:23.314 [main] WARN  o.m.s.mapper.ClassPathMapperScanner - No MyBatis mapper was found in '[com.imooc.user]' package. Please check your configuration.
2020-11-20 16:33:24.009 [main] INFO  o.s.b.w.e.tomcat.TomcatWebServer - Tomcat initialized with port(s): 8003 (http)
2020-11-20 16:33:24.027 [main] INFO  o.a.coyote.http11.Http11NioProtocol - Initializing ProtocolHandler ["http-nio-8003"]
2020-11-20 16:33:24.028 [main] INFO  o.a.catalina.core.StandardService - Starting service [Tomcat]
2020-11-20 16:33:24.029 [main] INFO  o.a.catalina.core.StandardEngine - Starting Servlet engine: [Apache Tomcat/9.0.31]
2020-11-20 16:33:24.196 [main] INFO  o.a.c.c.C.[Tomcat].[localhost].[/] - Initializing Spring embedded WebApplicationContext
2020-11-20 16:33:24.196 [main] INFO  o.s.web.context.ContextLoader - Root WebApplicationContext: initialization completed in 3106 ms
2020-11-20 16:33:25.202 [main] INFO  s.d.s.w.PropertySourcedRequestMappingHandlerMapping - Mapped URL path [/v2/api-docs] onto method [springfox.documentation.swagger2.web.Swagger2Controller#getDocumentation(String, HttpServletRequest)]
2020-11-20 16:33:30.360 [main] INFO  o.s.s.c.ThreadPoolTaskExecutor - Initializing ExecutorService 'applicationTaskExecutor'
2020-11-20 16:33:30.576 [main] INFO  t.m.m.a.MapperCacheDisabler - Clear tk.mybatis.mapper.util.MsUtil CLASS_CACHE cache.
2020-11-20 16:33:30.578 [main] INFO  t.m.m.a.MapperCacheDisabler - Clear tk.mybatis.mapper.genid.GenIdUtil CACHE cache.
2020-11-20 16:33:30.579 [main] INFO  t.m.m.a.MapperCacheDisabler - Clear tk.mybatis.mapper.version.VersionUtil CACHE cache.
2020-11-20 16:33:30.580 [main] INFO  t.m.m.a.MapperCacheDisabler - Clear EntityHelper entityTableMap cache.
2020-11-20 16:33:31.041 [main] INFO  s.d.s.w.p.DocumentationPluginsBootstrapper - Context refreshed
2020-11-20 16:33:31.068 [main] INFO  s.d.s.w.p.DocumentationPluginsBootstrapper - Found 1 custom documentation plugin(s)
2020-11-20 16:33:31.132 [main] INFO  s.d.s.w.s.ApiListingReferenceScanner - Scanning for api listing references
2020-11-20 16:33:31.378 [main] INFO  o.a.coyote.http11.Http11NioProtocol - Starting ProtocolHandler ["http-nio-8003"]
2020-11-20 16:33:31.421 [main] INFO  o.s.b.w.e.tomcat.TomcatWebServer - Tomcat started on port(s): 8003 (http) with context path ''
2020-11-20 16:33:31.426 [main] INFO  com.imooc.user.Application - Started Application in 12.159 seconds (JVM running for 14.745)
2020-11-20 16:33:39.808 [http-nio-8003-exec-1] INFO  o.a.c.c.C.[Tomcat].[localhost].[/] - Initializing Spring DispatcherServlet 'dispatcherServlet'
2020-11-20 16:33:39.808 [http-nio-8003-exec-1] INFO  o.s.web.servlet.DispatcherServlet - Initializing Servlet 'dispatcherServlet'
2020-11-20 16:33:39.817 [http-nio-8003-exec-1] INFO  o.s.web.servlet.DispatcherServlet - Completed initialization in 9 ms
2020-11-20 16:34:02.028 [http-nio-8003-exec-1] INFO  io.lettuce.core.EpollProvider - Starting without optional epoll library
2020-11-20 16:34:02.039 [http-nio-8003-exec-1] INFO  io.lettuce.core.KqueueProvider - Starting without optional kqueue library
2020-11-20 16:39:09.474 [SpringContextShutdownHook] INFO  o.s.s.c.ThreadPoolTaskExecutor - Shutting down ExecutorService 'applicationTaskExecutor'
2020-11-20 16:39:24.751 [main] INFO  com.imooc.user.Application - Starting Application on DESKTOP-2I9A483 with PID 11524 (C:\Code\do\2020\202011\imooc-news-dev\imooc-news-dev-service-user\target\classes started by 10279 in C:\Code\do\2020\202011\imooc-news-dev)
2020-11-20 16:39:24.758 [main] INFO  com.imooc.user.Application - The following profiles are active: dev
2020-11-20 16:39:26.598 [main] INFO  o.s.d.r.c.RepositoryConfigurationDelegate - Multiple Spring Data modules found, entering strict repository configuration mode!
2020-11-20 16:39:26.601 [main] INFO  o.s.d.r.c.RepositoryConfigurationDelegate - Bootstrapping Spring Data Redis repositories in DEFAULT mode.
2020-11-20 16:39:26.642 [main] INFO  o.s.d.r.c.RepositoryConfigurationDelegate - Finished Spring Data repository scanning in 22ms. Found 0 Redis repository interfaces.
2020-11-20 16:39:26.866 [main] WARN  o.m.s.mapper.ClassPathMapperScanner - No MyBatis mapper was found in '[com.imooc.user]' package. Please check your configuration.
2020-11-20 16:39:27.627 [main] INFO  o.s.b.w.e.tomcat.TomcatWebServer - Tomcat initialized with port(s): 8003 (http)
2020-11-20 16:39:27.642 [main] INFO  o.a.coyote.http11.Http11NioProtocol - Initializing ProtocolHandler ["http-nio-8003"]
2020-11-20 16:39:27.643 [main] INFO  o.a.catalina.core.StandardService - Starting service [Tomcat]
2020-11-20 16:39:27.643 [main] INFO  o.a.catalina.core.StandardEngine - Starting Servlet engine: [Apache Tomcat/9.0.31]
2020-11-20 16:39:27.802 [main] INFO  o.a.c.c.C.[Tomcat].[localhost].[/] - Initializing Spring embedded WebApplicationContext
2020-11-20 16:39:27.802 [main] INFO  o.s.web.context.ContextLoader - Root WebApplicationContext: initialization completed in 2842 ms
2020-11-20 16:39:28.882 [main] INFO  s.d.s.w.PropertySourcedRequestMappingHandlerMapping - Mapped URL path [/v2/api-docs] onto method [springfox.documentation.swagger2.web.Swagger2Controller#getDocumentation(String, HttpServletRequest)]
2020-11-20 16:39:29.515 [main] INFO  o.s.s.c.ThreadPoolTaskExecutor - Initializing ExecutorService 'applicationTaskExecutor'
2020-11-20 16:39:29.667 [main] INFO  t.m.m.a.MapperCacheDisabler - Clear tk.mybatis.mapper.util.MsUtil CLASS_CACHE cache.
2020-11-20 16:39:29.669 [main] INFO  t.m.m.a.MapperCacheDisabler - Clear tk.mybatis.mapper.genid.GenIdUtil CACHE cache.
2020-11-20 16:39:29.670 [main] INFO  t.m.m.a.MapperCacheDisabler - Clear tk.mybatis.mapper.version.VersionUtil CACHE cache.
2020-11-20 16:39:29.670 [main] INFO  t.m.m.a.MapperCacheDisabler - Clear EntityHelper entityTableMap cache.
2020-11-20 16:39:29.951 [main] INFO  s.d.s.w.p.DocumentationPluginsBootstrapper - Context refreshed
2020-11-20 16:39:29.969 [main] INFO  s.d.s.w.p.DocumentationPluginsBootstrapper - Found 1 custom documentation plugin(s)
2020-11-20 16:39:30.018 [main] INFO  s.d.s.w.s.ApiListingReferenceScanner - Scanning for api listing references
2020-11-20 16:39:30.214 [main] INFO  o.a.coyote.http11.Http11NioProtocol - Starting ProtocolHandler ["http-nio-8003"]
2020-11-20 16:39:30.248 [main] INFO  o.s.b.w.e.tomcat.TomcatWebServer - Tomcat started on port(s): 8003 (http) with context path ''
2020-11-20 16:39:30.252 [main] INFO  com.imooc.user.Application - Started Application in 6.992 seconds (JVM running for 10.218)
2020-11-20 16:39:40.991 [http-nio-8003-exec-1] INFO  o.a.c.c.C.[Tomcat].[localhost].[/] - Initializing Spring DispatcherServlet 'dispatcherServlet'
2020-11-20 16:39:40.991 [http-nio-8003-exec-1] INFO  o.s.web.servlet.DispatcherServlet - Initializing Servlet 'dispatcherServlet'
2020-11-20 16:39:41.001 [http-nio-8003-exec-1] INFO  o.s.web.servlet.DispatcherServlet - Completed initialization in 9 ms
2020-11-20 16:39:45.835 [http-nio-8003-exec-1] INFO  io.lettuce.core.EpollProvider - Starting without optional epoll library
2020-11-20 16:39:45.843 [http-nio-8003-exec-1] INFO  io.lettuce.core.KqueueProvider - Starting without optional kqueue library
2020-11-20 16:52:08.802 [SpringContextShutdownHook] INFO  o.s.s.c.ThreadPoolTaskExecutor - Shutting down ExecutorService 'applicationTaskExecutor'
2020-11-20 17:04:27.553 [main] INFO  com.imooc.user.Application - Starting Application on DESKTOP-2I9A483 with PID 15772 (C:\Code\do\2020\202011\imooc-news-dev\imooc-news-dev-service-user\target\classes started by 10279 in C:\Code\do\2020\202011\imooc-news-dev)
2020-11-20 17:04:27.559 [main] INFO  com.imooc.user.Application - The following profiles are active: dev
2020-11-20 17:04:28.934 [main] INFO  o.s.d.r.c.RepositoryConfigurationDelegate - Multiple Spring Data modules found, entering strict repository configuration mode!
2020-11-20 17:04:28.936 [main] INFO  o.s.d.r.c.RepositoryConfigurationDelegate - Bootstrapping Spring Data Redis repositories in DEFAULT mode.
2020-11-20 17:04:28.974 [main] INFO  o.s.d.r.c.RepositoryConfigurationDelegate - Finished Spring Data repository scanning in 19ms. Found 0 Redis repository interfaces.
2020-11-20 17:04:29.128 [main] WARN  o.m.s.mapper.ClassPathMapperScanner - No MyBatis mapper was found in '[com.imooc.user]' package. Please check your configuration.
2020-11-20 17:04:29.712 [main] INFO  o.s.b.w.e.tomcat.TomcatWebServer - Tomcat initialized with port(s): 8003 (http)
2020-11-20 17:04:29.725 [main] INFO  o.a.coyote.http11.Http11NioProtocol - Initializing ProtocolHandler ["http-nio-8003"]
2020-11-20 17:04:29.726 [main] INFO  o.a.catalina.core.StandardService - Starting service [Tomcat]
2020-11-20 17:04:29.726 [main] INFO  o.a.catalina.core.StandardEngine - Starting Servlet engine: [Apache Tomcat/9.0.31]
2020-11-20 17:04:29.893 [main] INFO  o.a.c.c.C.[Tomcat].[localhost].[/] - Initializing Spring embedded WebApplicationContext
2020-11-20 17:04:29.894 [main] INFO  o.s.web.context.ContextLoader - Root WebApplicationContext: initialization completed in 2211 ms
2020-11-20 17:04:30.839 [main] INFO  s.d.s.w.PropertySourcedRequestMappingHandlerMapping - Mapped URL path [/v2/api-docs] onto method [springfox.documentation.swagger2.web.Swagger2Controller#getDocumentation(String, HttpServletRequest)]
2020-11-20 17:04:31.458 [main] INFO  o.s.s.c.ThreadPoolTaskExecutor - Initializing ExecutorService 'applicationTaskExecutor'
2020-11-20 17:04:31.621 [main] INFO  t.m.m.a.MapperCacheDisabler - Clear tk.mybatis.mapper.util.MsUtil CLASS_CACHE cache.
2020-11-20 17:04:31.623 [main] INFO  t.m.m.a.MapperCacheDisabler - Clear tk.mybatis.mapper.genid.GenIdUtil CACHE cache.
2020-11-20 17:04:31.624 [main] INFO  t.m.m.a.MapperCacheDisabler - Clear tk.mybatis.mapper.version.VersionUtil CACHE cache.
2020-11-20 17:04:31.624 [main] INFO  t.m.m.a.MapperCacheDisabler - Clear EntityHelper entityTableMap cache.
2020-11-20 17:04:31.898 [main] INFO  s.d.s.w.p.DocumentationPluginsBootstrapper - Context refreshed
2020-11-20 17:04:31.916 [main] INFO  s.d.s.w.p.DocumentationPluginsBootstrapper - Found 1 custom documentation plugin(s)
2020-11-20 17:04:31.966 [main] INFO  s.d.s.w.s.ApiListingReferenceScanner - Scanning for api listing references
2020-11-20 17:04:32.167 [main] INFO  o.a.coyote.http11.Http11NioProtocol - Starting ProtocolHandler ["http-nio-8003"]
2020-11-20 17:04:32.202 [main] INFO  o.s.b.w.e.tomcat.TomcatWebServer - Tomcat started on port(s): 8003 (http) with context path ''
2020-11-20 17:04:32.207 [main] INFO  com.imooc.user.Application - Started Application in 5.911 seconds (JVM running for 8.479)
2020-11-20 17:04:37.105 [http-nio-8003-exec-1] INFO  o.a.c.c.C.[Tomcat].[localhost].[/] - Initializing Spring DispatcherServlet 'dispatcherServlet'
2020-11-20 17:04:37.105 [http-nio-8003-exec-1] INFO  o.s.web.servlet.DispatcherServlet - Initializing Servlet 'dispatcherServlet'
2020-11-20 17:04:37.114 [http-nio-8003-exec-1] INFO  o.s.web.servlet.DispatcherServlet - Completed initialization in 9 ms
2020-11-20 17:04:37.251 [http-nio-8003-exec-1] INFO  io.lettuce.core.EpollProvider - Starting without optional epoll library
2020-11-20 17:04:37.252 [http-nio-8003-exec-1] INFO  io.lettuce.core.KqueueProvider - Starting without optional kqueue library
2020-11-20 17:36:43.673 [SpringContextShutdownHook] INFO  o.s.s.c.ThreadPoolTaskExecutor - Shutting down ExecutorService 'applicationTaskExecutor'
2020-11-20 17:36:55.456 [main] INFO  com.imooc.user.Application - Starting Application on DESKTOP-2I9A483 with PID 4604 (C:\Code\do\2020\202011\imooc-news-dev\imooc-news-dev-service-user\target\classes started by 10279 in C:\Code\do\2020\202011\imooc-news-dev)
2020-11-20 17:36:55.464 [main] INFO  com.imooc.user.Application - The following profiles are active: dev
2020-11-20 17:36:57.784 [main] INFO  o.s.d.r.c.RepositoryConfigurationDelegate - Multiple Spring Data modules found, entering strict repository configuration mode!
2020-11-20 17:36:57.788 [main] INFO  o.s.d.r.c.RepositoryConfigurationDelegate - Bootstrapping Spring Data Redis repositories in DEFAULT mode.
2020-11-20 17:36:57.831 [main] INFO  o.s.d.r.c.RepositoryConfigurationDelegate - Finished Spring Data repository scanning in 20ms. Found 0 Redis repository interfaces.
2020-11-20 17:36:58.030 [main] WARN  o.m.s.mapper.ClassPathMapperScanner - No MyBatis mapper was found in '[com.imooc.user]' package. Please check your configuration.
2020-11-20 17:36:58.789 [main] INFO  o.s.b.w.e.tomcat.TomcatWebServer - Tomcat initialized with port(s): 8003 (http)
2020-11-20 17:36:58.804 [main] INFO  o.a.coyote.http11.Http11NioProtocol - Initializing ProtocolHandler ["http-nio-8003"]
2020-11-20 17:36:58.805 [main] INFO  o.a.catalina.core.StandardService - Starting service [Tomcat]
2020-11-20 17:36:58.805 [main] INFO  o.a.catalina.core.StandardEngine - Starting Servlet engine: [Apache Tomcat/9.0.31]
2020-11-20 17:36:59.052 [main] INFO  o.a.c.c.C.[Tomcat].[localhost].[/] - Initializing Spring embedded WebApplicationContext
2020-11-20 17:36:59.053 [main] INFO  o.s.web.context.ContextLoader - Root WebApplicationContext: initialization completed in 3452 ms
2020-11-20 17:37:00.896 [main] INFO  s.d.s.w.PropertySourcedRequestMappingHandlerMapping - Mapped URL path [/v2/api-docs] onto method [springfox.documentation.swagger2.web.Swagger2Controller#getDocumentation(String, HttpServletRequest)]
2020-11-20 17:37:01.772 [main] INFO  o.s.s.c.ThreadPoolTaskExecutor - Initializing ExecutorService 'applicationTaskExecutor'
2020-11-20 17:37:02.040 [main] INFO  t.m.m.a.MapperCacheDisabler - Clear tk.mybatis.mapper.util.MsUtil CLASS_CACHE cache.
2020-11-20 17:37:02.042 [main] INFO  t.m.m.a.MapperCacheDisabler - Clear tk.mybatis.mapper.genid.GenIdUtil CACHE cache.
2020-11-20 17:37:02.043 [main] INFO  t.m.m.a.MapperCacheDisabler - Clear tk.mybatis.mapper.version.VersionUtil CACHE cache.
2020-11-20 17:37:02.043 [main] INFO  t.m.m.a.MapperCacheDisabler - Clear EntityHelper entityTableMap cache.
2020-11-20 17:37:02.499 [main] INFO  s.d.s.w.p.DocumentationPluginsBootstrapper - Context refreshed
2020-11-20 17:37:02.523 [main] INFO  s.d.s.w.p.DocumentationPluginsBootstrapper - Found 1 custom documentation plugin(s)
2020-11-20 17:37:02.593 [main] INFO  s.d.s.w.s.ApiListingReferenceScanner - Scanning for api listing references
2020-11-20 17:37:02.847 [main] INFO  o.a.coyote.http11.Http11NioProtocol - Starting ProtocolHandler ["http-nio-8003"]
2020-11-20 17:37:02.888 [main] INFO  o.s.b.w.e.tomcat.TomcatWebServer - Tomcat started on port(s): 8003 (http) with context path ''
2020-11-20 17:37:02.894 [main] INFO  com.imooc.user.Application - Started Application in 9.35 seconds (JVM running for 12.322)
2020-11-20 17:38:39.780 [http-nio-8003-exec-3] INFO  o.a.c.c.C.[Tomcat].[localhost].[/] - Initializing Spring DispatcherServlet 'dispatcherServlet'
2020-11-20 17:38:39.781 [http-nio-8003-exec-3] INFO  o.s.web.servlet.DispatcherServlet - Initializing Servlet 'dispatcherServlet'
2020-11-20 17:38:39.790 [http-nio-8003-exec-3] INFO  o.s.web.servlet.DispatcherServlet - Completed initialization in 9 ms
2020-11-20 17:39:12.209 [http-nio-8003-exec-9] INFO  io.lettuce.core.EpollProvider - Starting without optional epoll library
2020-11-20 17:39:12.211 [http-nio-8003-exec-9] INFO  io.lettuce.core.KqueueProvider - Starting without optional kqueue library
2020-11-20 19:16:21.662 [SpringContextShutdownHook] INFO  o.s.s.c.ThreadPoolTaskExecutor - Shutting down ExecutorService 'applicationTaskExecutor'
2020-11-20 20:26:27.065 [main] INFO  com.imooc.user.Application - Starting Application on DESKTOP-2I9A483 with PID 16184 (C:\Code\do\2020\202011\imooc-news-dev\imooc-news-dev-service-user\target\classes started by 10279 in C:\Code\do\2020\202011\imooc-news-dev)
2020-11-20 20:26:27.076 [main] INFO  com.imooc.user.Application - The following profiles are active: dev
2020-11-20 20:26:28.716 [main] INFO  o.s.d.r.c.RepositoryConfigurationDelegate - Multiple Spring Data modules found, entering strict repository configuration mode!
2020-11-20 20:26:28.720 [main] INFO  o.s.d.r.c.RepositoryConfigurationDelegate - Bootstrapping Spring Data Redis repositories in DEFAULT mode.
2020-11-20 20:26:28.761 [main] INFO  o.s.d.r.c.RepositoryConfigurationDelegate - Finished Spring Data repository scanning in 19ms. Found 0 Redis repository interfaces.
2020-11-20 20:26:28.922 [main] WARN  o.m.s.mapper.ClassPathMapperScanner - No MyBatis mapper was found in '[com.imooc.user]' package. Please check your configuration.
2020-11-20 20:26:29.596 [main] INFO  o.s.b.w.e.tomcat.TomcatWebServer - Tomcat initialized with port(s): 8003 (http)
2020-11-20 20:26:29.613 [main] INFO  o.a.coyote.http11.Http11NioProtocol - Initializing ProtocolHandler ["http-nio-8003"]
2020-11-20 20:26:29.614 [main] INFO  o.a.catalina.core.StandardService - Starting service [Tomcat]
2020-11-20 20:26:29.614 [main] INFO  o.a.catalina.core.StandardEngine - Starting Servlet engine: [Apache Tomcat/9.0.31]
2020-11-20 20:26:29.774 [main] INFO  o.a.c.c.C.[Tomcat].[localhost].[/] - Initializing Spring embedded WebApplicationContext
2020-11-20 20:26:29.774 [main] INFO  o.s.web.context.ContextLoader - Root WebApplicationContext: initialization completed in 2512 ms
2020-11-20 20:26:31.525 [main] INFO  s.d.s.w.PropertySourcedRequestMappingHandlerMapping - Mapped URL path [/v2/api-docs] onto method [springfox.documentation.swagger2.web.Swagger2Controller#getDocumentation(String, HttpServletRequest)]
2020-11-20 20:26:31.715 [main] INFO  o.s.s.c.ThreadPoolTaskExecutor - Initializing ExecutorService 'applicationTaskExecutor'
2020-11-20 20:26:31.883 [main] INFO  t.m.m.a.MapperCacheDisabler - Clear tk.mybatis.mapper.util.MsUtil CLASS_CACHE cache.
2020-11-20 20:26:31.884 [main] INFO  t.m.m.a.MapperCacheDisabler - Clear tk.mybatis.mapper.genid.GenIdUtil CACHE cache.
2020-11-20 20:26:31.885 [main] INFO  t.m.m.a.MapperCacheDisabler - Clear tk.mybatis.mapper.version.VersionUtil CACHE cache.
2020-11-20 20:26:31.885 [main] INFO  t.m.m.a.MapperCacheDisabler - Clear EntityHelper entityTableMap cache.
2020-11-20 20:26:32.188 [main] INFO  s.d.s.w.p.DocumentationPluginsBootstrapper - Context refreshed
2020-11-20 20:26:32.212 [main] INFO  s.d.s.w.p.DocumentationPluginsBootstrapper - Found 1 custom documentation plugin(s)
2020-11-20 20:26:32.270 [main] INFO  s.d.s.w.s.ApiListingReferenceScanner - Scanning for api listing references
2020-11-20 20:26:32.485 [main] INFO  o.a.coyote.http11.Http11NioProtocol - Starting ProtocolHandler ["http-nio-8003"]
2020-11-20 20:26:32.519 [main] INFO  o.s.b.w.e.tomcat.TomcatWebServer - Tomcat started on port(s): 8003 (http) with context path ''
2020-11-20 20:26:32.523 [main] INFO  com.imooc.user.Application - Started Application in 7.54 seconds (JVM running for 11.784)
2020-11-20 20:27:23.666 [http-nio-8003-exec-1] INFO  o.a.c.c.C.[Tomcat].[localhost].[/] - Initializing Spring DispatcherServlet 'dispatcherServlet'
2020-11-20 20:27:23.666 [http-nio-8003-exec-1] INFO  o.s.web.servlet.DispatcherServlet - Initializing Servlet 'dispatcherServlet'
2020-11-20 20:27:23.678 [http-nio-8003-exec-1] INFO  o.s.web.servlet.DispatcherServlet - Completed initialization in 12 ms
2020-11-20 20:27:52.832 [http-nio-8003-exec-10] INFO  io.lettuce.core.EpollProvider - Starting without optional epoll library
2020-11-20 20:27:52.835 [http-nio-8003-exec-10] INFO  io.lettuce.core.KqueueProvider - Starting without optional kqueue library
2020-11-20 20:28:22.247 [http-nio-8003-exec-1] INFO  com.zaxxer.hikari.HikariDataSource - DateSourceHikariCP - Starting...
2020-11-20 20:28:22.508 [http-nio-8003-exec-1] INFO  com.zaxxer.hikari.HikariDataSource - DateSourceHikariCP - Start completed.
2020-11-20 20:39:08.350 [SpringContextShutdownHook] INFO  o.s.s.c.ThreadPoolTaskExecutor - Shutting down ExecutorService 'applicationTaskExecutor'
2020-11-20 20:39:08.355 [SpringContextShutdownHook] INFO  com.zaxxer.hikari.HikariDataSource - DateSourceHikariCP - Shutdown initiated...
2020-11-20 20:39:08.364 [SpringContextShutdownHook] INFO  com.zaxxer.hikari.HikariDataSource - DateSourceHikariCP - Shutdown completed.
2020-11-20 20:39:29.004 [main] INFO  com.imooc.user.Application - Starting Application on DESKTOP-2I9A483 with PID 17620 (C:\Code\do\2020\202011\imooc-news-dev\imooc-news-dev-service-user\target\classes started by 10279 in C:\Code\do\2020\202011\imooc-news-dev)
2020-11-20 20:39:29.020 [main] INFO  com.imooc.user.Application - The following profiles are active: dev
2020-11-20 20:39:31.636 [main] INFO  o.s.d.r.c.RepositoryConfigurationDelegate - Multiple Spring Data modules found, entering strict repository configuration mode!
2020-11-20 20:39:31.640 [main] INFO  o.s.d.r.c.RepositoryConfigurationDelegate - Bootstrapping Spring Data Redis repositories in DEFAULT mode.
2020-11-20 20:39:31.709 [main] INFO  o.s.d.r.c.RepositoryConfigurationDelegate - Finished Spring Data repository scanning in 33ms. Found 0 Redis repository interfaces.
2020-11-20 20:39:31.960 [main] WARN  o.m.s.mapper.ClassPathMapperScanner - No MyBatis mapper was found in '[com.imooc.user]' package. Please check your configuration.
2020-11-20 20:39:32.983 [main] INFO  o.s.b.w.e.tomcat.TomcatWebServer - Tomcat initialized with port(s): 8003 (http)
2020-11-20 20:39:33.003 [main] INFO  o.a.coyote.http11.Http11NioProtocol - Initializing ProtocolHandler ["http-nio-8003"]
2020-11-20 20:39:33.004 [main] INFO  o.a.catalina.core.StandardService - Starting service [Tomcat]
2020-11-20 20:39:33.005 [main] INFO  o.a.catalina.core.StandardEngine - Starting Servlet engine: [Apache Tomcat/9.0.31]
2020-11-20 20:39:33.239 [main] INFO  o.a.c.c.C.[Tomcat].[localhost].[/] - Initializing Spring embedded WebApplicationContext
2020-11-20 20:39:33.240 [main] INFO  o.s.web.context.ContextLoader - Root WebApplicationContext: initialization completed in 4098 ms
2020-11-20 20:39:37.868 [main] INFO  s.d.s.w.PropertySourcedRequestMappingHandlerMapping - Mapped URL path [/v2/api-docs] onto method [springfox.documentation.swagger2.web.Swagger2Controller#getDocumentation(String, HttpServletRequest)]
2020-11-20 20:39:38.709 [main] INFO  o.s.s.c.ThreadPoolTaskExecutor - Initializing ExecutorService 'applicationTaskExecutor'
2020-11-20 20:39:39.082 [main] INFO  t.m.m.a.MapperCacheDisabler - Clear tk.mybatis.mapper.util.MsUtil CLASS_CACHE cache.
2020-11-20 20:39:39.085 [main] INFO  t.m.m.a.MapperCacheDisabler - Clear tk.mybatis.mapper.genid.GenIdUtil CACHE cache.
2020-11-20 20:39:39.087 [main] INFO  t.m.m.a.MapperCacheDisabler - Clear tk.mybatis.mapper.version.VersionUtil CACHE cache.
2020-11-20 20:39:39.088 [main] INFO  t.m.m.a.MapperCacheDisabler - Clear EntityHelper entityTableMap cache.
2020-11-20 20:39:39.588 [main] INFO  s.d.s.w.p.DocumentationPluginsBootstrapper - Context refreshed
2020-11-20 20:39:39.628 [main] INFO  s.d.s.w.p.DocumentationPluginsBootstrapper - Found 1 custom documentation plugin(s)
2020-11-20 20:39:39.739 [main] INFO  s.d.s.w.s.ApiListingReferenceScanner - Scanning for api listing references
2020-11-20 20:39:40.452 [main] INFO  o.a.coyote.http11.Http11NioProtocol - Starting ProtocolHandler ["http-nio-8003"]
2020-11-20 20:39:40.546 [main] INFO  o.s.b.w.e.tomcat.TomcatWebServer - Tomcat started on port(s): 8003 (http) with context path ''
2020-11-20 20:39:40.556 [main] INFO  com.imooc.user.Application - Started Application in 14.339 seconds (JVM running for 18.902)
2020-11-20 20:40:20.166 [http-nio-8003-exec-1] INFO  o.a.c.c.C.[Tomcat].[localhost].[/] - Initializing Spring DispatcherServlet 'dispatcherServlet'
2020-11-20 20:40:20.167 [http-nio-8003-exec-1] INFO  o.s.web.servlet.DispatcherServlet - Initializing Servlet 'dispatcherServlet'
2020-11-20 20:40:20.181 [http-nio-8003-exec-1] INFO  o.s.web.servlet.DispatcherServlet - Completed initialization in 14 ms
2020-11-20 20:40:22.812 [http-nio-8003-exec-5] INFO  io.lettuce.core.EpollProvider - Starting without optional epoll library
2020-11-20 20:40:22.814 [http-nio-8003-exec-5] INFO  io.lettuce.core.KqueueProvider - Starting without optional kqueue library
2020-11-20 20:40:40.905 [http-nio-8003-exec-4] INFO  com.zaxxer.hikari.HikariDataSource - DateSourceHikariCP - Starting...
2020-11-20 20:40:41.299 [http-nio-8003-exec-4] INFO  com.zaxxer.hikari.HikariDataSource - DateSourceHikariCP - Start completed.
2020-11-20 20:49:39.501 [SpringContextShutdownHook] INFO  o.s.s.c.ThreadPoolTaskExecutor - Shutting down ExecutorService 'applicationTaskExecutor'
2020-11-20 20:49:39.506 [SpringContextShutdownHook] INFO  com.zaxxer.hikari.HikariDataSource - DateSourceHikariCP - Shutdown initiated...
2020-11-20 20:49:39.510 [SpringContextShutdownHook] INFO  com.zaxxer.hikari.HikariDataSource - DateSourceHikariCP - Shutdown completed.
2020-11-20 20:57:11.276 [main] INFO  com.imooc.user.Application - Starting Application on DESKTOP-2I9A483 with PID 16124 (C:\Code\do\2020\202011\imooc-news-dev\imooc-news-dev-service-user\target\classes started by 10279 in C:\Code\do\2020\202011\imooc-news-dev)
2020-11-20 20:57:11.290 [main] INFO  com.imooc.user.Application - The following profiles are active: dev
2020-11-20 20:57:13.357 [main] INFO  o.s.d.r.c.RepositoryConfigurationDelegate - Multiple Spring Data modules found, entering strict repository configuration mode!
2020-11-20 20:57:13.362 [main] INFO  o.s.d.r.c.RepositoryConfigurationDelegate - Bootstrapping Spring Data Redis repositories in DEFAULT mode.
2020-11-20 20:57:13.415 [main] INFO  o.s.d.r.c.RepositoryConfigurationDelegate - Finished Spring Data repository scanning in 26ms. Found 0 Redis repository interfaces.
2020-11-20 20:57:13.636 [main] WARN  o.m.s.mapper.ClassPathMapperScanner - No MyBatis mapper was found in '[com.imooc.user]' package. Please check your configuration.
2020-11-20 20:57:14.547 [main] INFO  o.s.b.w.e.tomcat.TomcatWebServer - Tomcat initialized with port(s): 8003 (http)
2020-11-20 20:57:14.567 [main] INFO  o.a.coyote.http11.Http11NioProtocol - Initializing ProtocolHandler ["http-nio-8003"]
2020-11-20 20:57:14.568 [main] INFO  o.a.catalina.core.StandardService - Starting service [Tomcat]
2020-11-20 20:57:14.568 [main] INFO  o.a.catalina.core.StandardEngine - Starting Servlet engine: [Apache Tomcat/9.0.31]
2020-11-20 20:57:14.818 [main] INFO  o.a.c.c.C.[Tomcat].[localhost].[/] - Initializing Spring embedded WebApplicationContext
2020-11-20 20:57:14.818 [main] INFO  o.s.web.context.ContextLoader - Root WebApplicationContext: initialization completed in 3315 ms
2020-11-20 20:57:17.344 [main] INFO  s.d.s.w.PropertySourcedRequestMappingHandlerMapping - Mapped URL path [/v2/api-docs] onto method [springfox.documentation.swagger2.web.Swagger2Controller#getDocumentation(String, HttpServletRequest)]
2020-11-20 20:57:17.651 [main] INFO  o.s.s.c.ThreadPoolTaskExecutor - Initializing ExecutorService 'applicationTaskExecutor'
2020-11-20 20:57:17.880 [main] INFO  t.m.m.a.MapperCacheDisabler - Clear tk.mybatis.mapper.util.MsUtil CLASS_CACHE cache.
2020-11-20 20:57:17.881 [main] INFO  t.m.m.a.MapperCacheDisabler - Clear tk.mybatis.mapper.genid.GenIdUtil CACHE cache.
2020-11-20 20:57:17.882 [main] INFO  t.m.m.a.MapperCacheDisabler - Clear tk.mybatis.mapper.version.VersionUtil CACHE cache.
2020-11-20 20:57:17.882 [main] INFO  t.m.m.a.MapperCacheDisabler - Clear EntityHelper entityTableMap cache.
2020-11-20 20:57:18.230 [main] INFO  s.d.s.w.p.DocumentationPluginsBootstrapper - Context refreshed
2020-11-20 20:57:18.254 [main] INFO  s.d.s.w.p.DocumentationPluginsBootstrapper - Found 1 custom documentation plugin(s)
2020-11-20 20:57:18.325 [main] INFO  s.d.s.w.s.ApiListingReferenceScanner - Scanning for api listing references
2020-11-20 20:57:18.588 [main] INFO  o.a.coyote.http11.Http11NioProtocol - Starting ProtocolHandler ["http-nio-8003"]
2020-11-20 20:57:18.639 [main] INFO  o.s.b.w.e.tomcat.TomcatWebServer - Tomcat started on port(s): 8003 (http) with context path ''
2020-11-20 20:57:18.644 [main] INFO  com.imooc.user.Application - Started Application in 9.206 seconds (JVM running for 12.083)
2020-11-20 20:58:12.182 [http-nio-8003-exec-1] INFO  o.a.c.c.C.[Tomcat].[localhost].[/] - Initializing Spring DispatcherServlet 'dispatcherServlet'
2020-11-20 20:58:12.183 [http-nio-8003-exec-1] INFO  o.s.web.servlet.DispatcherServlet - Initializing Servlet 'dispatcherServlet'
2020-11-20 20:58:12.195 [http-nio-8003-exec-1] INFO  o.s.web.servlet.DispatcherServlet - Completed initialization in 12 ms
2020-11-20 20:58:51.238 [http-nio-8003-exec-7] INFO  io.lettuce.core.EpollProvider - Starting without optional epoll library
2020-11-20 20:58:51.243 [http-nio-8003-exec-7] INFO  io.lettuce.core.KqueueProvider - Starting without optional kqueue library
2020-11-20 20:59:08.910 [http-nio-8003-exec-2] INFO  com.zaxxer.hikari.HikariDataSource - DateSourceHikariCP - Starting...
2020-11-20 20:59:09.176 [http-nio-8003-exec-2] INFO  com.zaxxer.hikari.HikariDataSource - DateSourceHikariCP - Start completed.
2020-11-20 20:59:53.654 [SpringContextShutdownHook] INFO  o.s.s.c.ThreadPoolTaskExecutor - Shutting down ExecutorService 'applicationTaskExecutor'
2020-11-20 20:59:53.657 [SpringContextShutdownHook] INFO  com.zaxxer.hikari.HikariDataSource - DateSourceHikariCP - Shutdown initiated...
2020-11-20 20:59:53.666 [SpringContextShutdownHook] INFO  com.zaxxer.hikari.HikariDataSource - DateSourceHikariCP - Shutdown completed.
2020-11-20 21:00:05.768 [main] INFO  com.imooc.user.Application - Starting Application on DESKTOP-2I9A483 with PID 12476 (C:\Code\do\2020\202011\imooc-news-dev\imooc-news-dev-service-user\target\classes started by 10279 in C:\Code\do\2020\202011\imooc-news-dev)
2020-11-20 21:00:05.833 [main] INFO  com.imooc.user.Application - The following profiles are active: dev
2020-11-20 21:00:07.562 [main] INFO  o.s.d.r.c.RepositoryConfigurationDelegate - Multiple Spring Data modules found, entering strict repository configuration mode!
2020-11-20 21:00:07.567 [main] INFO  o.s.d.r.c.RepositoryConfigurationDelegate - Bootstrapping Spring Data Redis repositories in DEFAULT mode.
2020-11-20 21:00:07.631 [main] INFO  o.s.d.r.c.RepositoryConfigurationDelegate - Finished Spring Data repository scanning in 33ms. Found 0 Redis repository interfaces.
2020-11-20 21:00:07.895 [main] WARN  o.m.s.mapper.ClassPathMapperScanner - No MyBatis mapper was found in '[com.imooc.user]' package. Please check your configuration.
2020-11-20 21:00:08.828 [main] INFO  o.s.b.w.e.tomcat.TomcatWebServer - Tomcat initialized with port(s): 8003 (http)
2020-11-20 21:00:08.846 [main] INFO  o.a.coyote.http11.Http11NioProtocol - Initializing ProtocolHandler ["http-nio-8003"]
2020-11-20 21:00:08.847 [main] INFO  o.a.catalina.core.StandardService - Starting service [Tomcat]
2020-11-20 21:00:08.848 [main] INFO  o.a.catalina.core.StandardEngine - Starting Servlet engine: [Apache Tomcat/9.0.31]
2020-11-20 21:00:09.056 [main] INFO  o.a.c.c.C.[Tomcat].[localhost].[/] - Initializing Spring embedded WebApplicationContext
2020-11-20 21:00:09.057 [main] INFO  o.s.web.context.ContextLoader - Root WebApplicationContext: initialization completed in 3120 ms
2020-11-20 21:00:11.386 [main] INFO  s.d.s.w.PropertySourcedRequestMappingHandlerMapping - Mapped URL path [/v2/api-docs] onto method [springfox.documentation.swagger2.web.Swagger2Controller#getDocumentation(String, HttpServletRequest)]
2020-11-20 21:00:11.651 [main] INFO  o.s.s.c.ThreadPoolTaskExecutor - Initializing ExecutorService 'applicationTaskExecutor'
2020-11-20 21:00:11.854 [main] INFO  t.m.m.a.MapperCacheDisabler - Clear tk.mybatis.mapper.util.MsUtil CLASS_CACHE cache.
2020-11-20 21:00:11.855 [main] INFO  t.m.m.a.MapperCacheDisabler - Clear tk.mybatis.mapper.genid.GenIdUtil CACHE cache.
2020-11-20 21:00:11.857 [main] INFO  t.m.m.a.MapperCacheDisabler - Clear tk.mybatis.mapper.version.VersionUtil CACHE cache.
2020-11-20 21:00:11.857 [main] INFO  t.m.m.a.MapperCacheDisabler - Clear EntityHelper entityTableMap cache.
2020-11-20 21:00:12.254 [main] INFO  s.d.s.w.p.DocumentationPluginsBootstrapper - Context refreshed
2020-11-20 21:00:12.280 [main] INFO  s.d.s.w.p.DocumentationPluginsBootstrapper - Found 1 custom documentation plugin(s)
2020-11-20 21:00:12.347 [main] INFO  s.d.s.w.s.ApiListingReferenceScanner - Scanning for api listing references
2020-11-20 21:00:12.631 [main] INFO  o.a.coyote.http11.Http11NioProtocol - Starting ProtocolHandler ["http-nio-8003"]
2020-11-20 21:00:12.678 [main] INFO  o.s.b.w.e.tomcat.TomcatWebServer - Tomcat started on port(s): 8003 (http) with context path ''
2020-11-20 21:00:12.685 [main] INFO  com.imooc.user.Application - Started Application in 8.671 seconds (JVM running for 12.121)
2020-11-20 21:00:19.985 [http-nio-8003-exec-2] INFO  o.a.c.c.C.[Tomcat].[localhost].[/] - Initializing Spring DispatcherServlet 'dispatcherServlet'
2020-11-20 21:00:19.986 [http-nio-8003-exec-2] INFO  o.s.web.servlet.DispatcherServlet - Initializing Servlet 'dispatcherServlet'
2020-11-20 21:00:20.006 [http-nio-8003-exec-2] INFO  o.s.web.servlet.DispatcherServlet - Completed initialization in 20 ms
2020-11-20 21:00:20.312 [http-nio-8003-exec-3] INFO  com.zaxxer.hikari.HikariDataSource - DateSourceHikariCP - Starting...
2020-11-20 21:00:20.653 [http-nio-8003-exec-3] INFO  com.zaxxer.hikari.HikariDataSource - DateSourceHikariCP - Start completed.
2020-11-20 22:08:17.146 [SpringContextShutdownHook] INFO  o.s.s.c.ThreadPoolTaskExecutor - Shutting down ExecutorService 'applicationTaskExecutor'
2020-11-20 22:08:17.188 [SpringContextShutdownHook] INFO  com.zaxxer.hikari.HikariDataSource - DateSourceHikariCP - Shutdown initiated...
2020-11-20 22:08:17.204 [SpringContextShutdownHook] INFO  com.zaxxer.hikari.HikariDataSource - DateSourceHikariCP - Shutdown completed.
